2019-May-13 20:53:41 INFO  centralni.modul.CentralniModulApplication - Starting CentralniModulApplication on DESKTOP-VPSDEBC with PID 11872 (C:\Users\JOVAN\Desktop\ProjekatXML+BUSEP\bezbednost-xml-web-servisi\CentralniModul\target\classes started by JOVAN in C:\Users\JOVAN\Desktop\ProjekatXML+BUSEP\bezbednost-xml-web-servisi\CentralniModul)
2019-May-13 20:53:41 INFO  centralni.modul.CentralniModulApplication - No active profile set, falling back to default profiles: default
2019-May-13 20:53:43 INFO  org.springframework.data.repository.config.RepositoryConfigurationDelegate - Bootstrapping Spring Data repositories in DEFAULT mode.
2019-May-13 20:53:43 INFO  org.springframework.data.repository.config.RepositoryConfigurationDelegate - Finished Spring Data repository scanning in 138ms. Found 3 repository interfaces.
2019-May-13 20:53:44 INFO  org.springframework.context.support.PostProcessorRegistrationDelegate$BeanPostProcessorChecker - Bean 'org.springframework.transaction.annotation.ProxyTransactionManagementConfiguration' of type [org.springframework.transaction.annotation.ProxyTransactionManagementConfiguration$$EnhancerBySpringCGLIB$$763d31bb] is not eligible for getting processed by all BeanPostProcessors (for example: not eligible for auto-proxying)
2019-May-13 20:53:44 INFO  org.springframework.boot.web.embedded.tomcat.TomcatWebServer - Tomcat initialized with port(s): 8443 (http)
2019-May-13 20:53:44 INFO  org.apache.coyote.http11.Http11NioProtocol - Initializing ProtocolHandler ["http-nio-8443"]
2019-May-13 20:53:44 INFO  org.apache.catalina.core.StandardService - Starting service [Tomcat]
2019-May-13 20:53:44 INFO  org.apache.catalina.core.StandardEngine - Starting Servlet engine: [Apache Tomcat/9.0.17]
2019-May-13 20:53:45 INFO  org.apache.catalina.core.ContainerBase.[Tomcat].[localhost].[/] - Initializing Spring embedded WebApplicationContext
2019-May-13 20:53:45 INFO  org.springframework.web.context.ContextLoader - Root WebApplicationContext: initialization completed in 3413 ms
2019-May-13 20:53:45 INFO  com.zaxxer.hikari.HikariDataSource - HikariPool-1 - Starting...
2019-May-13 20:53:45 INFO  com.zaxxer.hikari.HikariDataSource - HikariPool-1 - Start completed.
2019-May-13 20:53:46 INFO  org.hibernate.Version - HHH000412: Hibernate Core {5.3.9.Final}
2019-May-13 20:53:46 INFO  org.hibernate.cfg.Environment - HHH000206: hibernate.properties not found
2019-May-13 20:53:46 INFO  org.hibernate.annotations.common.Version - HCANN000001: Hibernate Commons Annotations {5.1.0.Final}
2019-May-13 20:53:46 INFO  org.hibernate.dialect.Dialect - HHH000400: Using dialect: org.hibernate.dialect.MySQL5InnoDBDialect
2019-May-13 20:53:47 INFO  org.springframework.orm.jpa.LocalContainerEntityManagerFactoryBean - Initialized JPA EntityManagerFactory for persistence unit 'default'
2019-May-13 20:53:48 INFO  org.springframework.scheduling.concurrent.ThreadPoolTaskExecutor - Initializing ExecutorService 'applicationTaskExecutor'
2019-May-13 20:53:48 WARN  org.springframework.boot.autoconfigure.orm.jpa.JpaBaseConfiguration$JpaWebConfiguration$JpaWebMvcConfiguration - spring.jpa.open-in-view is enabled by default. Therefore, database queries may be performed during view rendering. Explicitly configure spring.jpa.open-in-view to disable this warning
2019-May-13 20:53:49 INFO  org.hibernate.hql.internal.QueryTranslatorFactoryInitiator - HHH000397: Using ASTQueryTranslatorFactory
2019-May-13 20:53:49 INFO  org.apache.coyote.http11.Http11NioProtocol - Starting ProtocolHandler ["http-nio-8443"]
2019-May-13 20:53:49 INFO  org.springframework.boot.web.embedded.tomcat.TomcatWebServer - Tomcat started on port(s): 8443 (http) with context path ''
2019-May-13 20:53:49 INFO  centralni.modul.CentralniModulApplication - Started CentralniModulApplication in 8.307 seconds (JVM running for 10.256)
2019-May-13 20:54:10 INFO  org.apache.catalina.core.ContainerBase.[Tomcat].[localhost].[/] - Initializing Spring DispatcherServlet 'dispatcherServlet'
2019-May-13 20:54:10 INFO  org.springframework.web.servlet.DispatcherServlet - Initializing Servlet 'dispatcherServlet'
2019-May-13 20:54:10 INFO  org.springframework.web.servlet.DispatcherServlet - Completed initialization in 10 ms
2019-May-13 20:54:10 INFO  centralni.modul.controller.UserController - login attempt: [aca@gmail.com, agentski] - FAILED
2019-May-13 20:54:20 INFO  centralni.modul.controller.UserController - login attempt: [jovang@gmail.com, agentski] - SUCCESSFUL
2019-May-13 20:54:36 INFO  org.springframework.boot.admin.SpringApplicationAdminMXBeanRegistrar$SpringApplicationAdmin - Application shutdown requested.
2019-May-13 20:54:36 INFO  org.springframework.scheduling.concurrent.ThreadPoolTaskExecutor - Shutting down ExecutorService 'applicationTaskExecutor'
2019-May-13 20:54:36 INFO  org.springframework.orm.jpa.LocalContainerEntityManagerFactoryBean - Closing JPA EntityManagerFactory for persistence unit 'default'
2019-May-13 20:54:36 INFO  com.zaxxer.hikari.HikariDataSource - HikariPool-1 - Shutdown initiated...
2019-May-13 20:54:36 INFO  com.zaxxer.hikari.HikariDataSource - HikariPool-1 - Shutdown completed.
